\BOOKMARK [1][-]{section*.1}{Contact Information}{}% 1
\BOOKMARK [1][-]{section*.2}{Appointments}{}% 2
\BOOKMARK [1][-]{section*.3}{Education}{}% 3
\BOOKMARK [1][-]{section*.4}{Books}{}% 4
\BOOKMARK [1][-]{section*.5}{Peer-Reviewed Publications}{}% 5
\BOOKMARK [1][-]{section*.6}{Working Papers}{}% 6
\BOOKMARK [1][-]{section*.7}{Work In Progress}{}% 7
\BOOKMARK [1][-]{section*.8}{Other Publications}{}% 8
\BOOKMARK [1][-]{section*.9}{Other Writings}{}% 9
\BOOKMARK [1][-]{section*.10}{Invited Talks \046 Workshops}{}% 10
\BOOKMARK [1][-]{section*.11}{Conferences}{}% 11
\BOOKMARK [1][-]{section*.12}{Additional Training}{}% 12
\BOOKMARK [1][-]{section*.13}{Awards \046 Grants}{}% 13
\BOOKMARK [1][-]{section*.14}{Teaching}{}% 14
\BOOKMARK [1][-]{section*.15}{Service}{}% 15
\BOOKMARK [1][-]{section*.16}{References}{}% 16
\BOOKMARK [1][-]{section*.17}{Other Professional Experience}{}% 17
\BOOKMARK [1][-]{section*.18}{Software}{}% 18
\BOOKMARK [1][-]{section*.19}{Languages}{}% 19
\BOOKMARK [1][-]{section*.20}{Last Updated:}{}% 20
